
09/11/2007 17:00:29 Task: Generating Site Definition

*************************** Initialize **********************************************

*************************** Copy base Site Definition *******************************

Generating files from web http://kkdeveva01/sites/officedemo/test...
    Generating default.aspx...
    default.aspx is generated successfully at C:\Demo\SiteDefinition1\Site Definition\default.aspx.
    Generating themes.inf...
    themes.inf is generated successfully at C:\Demo\SiteDefinition1\Site Definition\_themes\themes.inf.
    Generating navbullet_verdant.gif...
    navbullet_verdant.gif is generated successfully at C:\Demo\SiteDefinition1\Site Definition\_themes\Verdant\navbullet_verdant.gif.
    Generating pagebackgrad_verdant.gif...
    pagebackgrad_verdant.gif is generated successfully at C:\Demo\SiteDefinition1\Site Definition\_themes\Verdant\pagebackgrad_verdant.gif.
    Generating alldaydefault_verdant.gif...
    alldaydefault_verdant.gif is generated successfully at C:\Demo\SiteDefinition1\Site Definition\_themes\Verdant\alldaydefault_verdant.gif.
    Generating alldaydefaultover_verdant.gif...
    alldaydefaultover_verdant.gif is generated successfully at C:\Demo\SiteDefinition1\Site Definition\_themes\Verdant\alldaydefaultover_verdant.gif.
    Generating topnavhover_verdant.gif...
    topnavhover_verdant.gif is generated successfully at C:\Demo\SiteDefinition1\Site Definition\_themes\Verdant\topnavhover_verdant.gif.
    Generating topnavselected_verdant.gif...
    topnavselected_verdant.gif is generated successfully at C:\Demo\SiteDefinition1\Site Definition\_themes\Verdant\topnavselected_verdant.gif.
    Generating wpqam_verdant.gif...
    wpqam_verdant.gif is generated successfully at C:\Demo\SiteDefinition1\Site Definition\_themes\Verdant\wpqam_verdant.gif.
    Generating selectednav_verdant.gif...
    selectednav_verdant.gif is generated successfully at C:\Demo\SiteDefinition1\Site Definition\_themes\Verdant\selectednav_verdant.gif.
    Generating linksectiongrad_verdant.gif...
    linksectiongrad_verdant.gif is generated successfully at C:\Demo\SiteDefinition1\Site Definition\_themes\Verdant\linksectiongrad_verdant.gif.
    Generating sitetitlebkg_verdant.gif...
    sitetitlebkg_verdant.gif is generated successfully at C:\Demo\SiteDefinition1\Site Definition\_themes\Verdant\sitetitlebkg_verdant.gif.
    Generating mgrad_verdant.gif...
    mgrad_verdant.gif is generated successfully at C:\Demo\SiteDefinition1\Site Definition\_themes\Verdant\mgrad_verdant.gif.
    Generating formtitlegrad_verdant.gif...
    formtitlegrad_verdant.gif is generated successfully at C:\Demo\SiteDefinition1\Site Definition\_themes\Verdant\formtitlegrad_verdant.gif.
    Generating cnsugrdn_verdant.gif...
    cnsugrdn_verdant.gif is generated successfully at C:\Demo\SiteDefinition1\Site Definition\_themes\Verdant\cnsugrdn_verdant.gif.
    Generating topnavunselected_verdant.gif...
    topnavunselected_verdant.gif is generated successfully at C:\Demo\SiteDefinition1\Site Definition\_themes\Verdant\topnavunselected_verdant.gif.
    Generating selectedmgradlargertl_verdant.gif...
    selectedmgradlargertl_verdant.gif is generated successfully at C:\Demo\SiteDefinition1\Site Definition\_themes\Verdant\selectedmgradlargertl_verdant.gif.
    Generating weekbox_verdant.gif...
    weekbox_verdant.gif is generated successfully at C:\Demo\SiteDefinition1\Site Definition\_themes\Verdant\weekbox_verdant.gif.
    Generating siteactionsmenuhovergrad_verdant.gif...
    siteactionsmenuhovergrad_verdant.gif is generated successfully at C:\Demo\SiteDefinition1\Site Definition\_themes\Verdant\siteactionsmenuhovergrad_verdant.gif.
    Generating Verd1011-65001.css...
    Verd1011-65001.css is generated successfully at C:\Demo\SiteDefinition1\Site Definition\_themes\Verdant\Verd1011-65001.css.
    Generating mgradrtl_verdant.gif...
    mgradrtl_verdant.gif is generated successfully at C:\Demo\SiteDefinition1\Site Definition\_themes\Verdant\mgradrtl_verdant.gif.
    Generating theme.css...
    theme.css is generated successfully at C:\Demo\SiteDefinition1\Site Definition\_themes\Verdant\theme.css.
    Generating rtebnsel_verdant.gif...
    rtebnsel_verdant.gif is generated successfully at C:\Demo\SiteDefinition1\Site Definition\_themes\Verdant\rtebnsel_verdant.gif.
    Generating settingsgraphic_verdant.jpg...
    settingsgraphic_verdant.jpg is generated successfully at C:\Demo\SiteDefinition1\Site Definition\_themes\Verdant\settingsgraphic_verdant.jpg.
    Generating toolgrad_verdant.gif...
    toolgrad_verdant.gif is generated successfully at C:\Demo\SiteDefinition1\Site Definition\_themes\Verdant\toolgrad_verdant.gif.
    Generating partgrad_verdant.gif...
    partgrad_verdant.gif is generated successfully at C:\Demo\SiteDefinition1\Site Definition\_themes\Verdant\partgrad_verdant.gif.
    Generating settingsbkg_verdant.jpg...
    settingsbkg_verdant.jpg is generated successfully at C:\Demo\SiteDefinition1\Site Definition\_themes\Verdant\settingsbkg_verdant.jpg.
    Generating topshape_verdant.jpg...
    topshape_verdant.jpg is generated successfully at C:\Demo\SiteDefinition1\Site Definition\_themes\Verdant\topshape_verdant.jpg.
    Generating calnumbttnfocus_verdant.gif...
    calnumbttnfocus_verdant.gif is generated successfully at C:\Demo\SiteDefinition1\Site Definition\_themes\Verdant\calnumbttnfocus_verdant.gif.
    Generating retebnhov_verdant.gif...
    retebnhov_verdant.gif is generated successfully at C:\Demo\SiteDefinition1\Site Definition\_themes\Verdant\retebnhov_verdant.gif.
    Generating listheadergrad_verdant.gif...
    listheadergrad_verdant.gif is generated successfully at C:\Demo\SiteDefinition1\Site Definition\_themes\Verdant\listheadergrad_verdant.gif.
    Generating siteactionsmenugrad_verdant.gif...
    siteactionsmenugrad_verdant.gif is generated successfully at C:\Demo\SiteDefinition1\Site Definition\_themes\Verdant\siteactionsmenugrad_verdant.gif.
    Generating templatepickerselected_verdant.gif...
    templatepickerselected_verdant.gif is generated successfully at C:\Demo\SiteDefinition1\Site Definition\_themes\Verdant\templatepickerselected_verdant.gif.
    Generating quicklaunchheader_verdant.gif...
    quicklaunchheader_verdant.gif is generated successfully at C:\Demo\SiteDefinition1\Site Definition\_themes\Verdant\quicklaunchheader_verdant.gif.
    Generating viewheadergrad_verdant.gif...
    viewheadergrad_verdant.gif is generated successfully at C:\Demo\SiteDefinition1\Site Definition\_themes\Verdant\viewheadergrad_verdant.gif.
    Generating selectedmgradrtl_verdant.gif...
    selectedmgradrtl_verdant.gif is generated successfully at C:\Demo\SiteDefinition1\Site Definition\_themes\Verdant\selectedmgradrtl_verdant.gif.
    Generating selectednavbullet_verdant.gif...
    selectednavbullet_verdant.gif is generated successfully at C:\Demo\SiteDefinition1\Site Definition\_themes\Verdant\selectednavbullet_verdant.gif.
    Generating mgradlarge_verdant.gif...
    mgradlarge_verdant.gif is generated successfully at C:\Demo\SiteDefinition1\Site Definition\_themes\Verdant\mgradlarge_verdant.gif.
    Generating mgradlargertl_verdant.gif...
    mgradlargertl_verdant.gif is generated successfully at C:\Demo\SiteDefinition1\Site Definition\_themes\Verdant\mgradlargertl_verdant.gif.
    Generating VERDANT.INF...
    VERDANT.INF is generated successfully at C:\Demo\SiteDefinition1\Site Definition\_themes\Verdant\VERDANT.INF.
    Generating navshape_verdant.jpg...
    navshape_verdant.jpg is generated successfully at C:\Demo\SiteDefinition1\Site Definition\_themes\Verdant\navshape_verdant.jpg.
    Generating calnumbttntoday_verdant.gif...
    calnumbttntoday_verdant.gif is generated successfully at C:\Demo\SiteDefinition1\Site Definition\_themes\Verdant\calnumbttntoday_verdant.gif.
    Generating filedialogselected_verdant.gif...
    filedialogselected_verdant.gif is generated successfully at C:\Demo\SiteDefinition1\Site Definition\_themes\Verdant\filedialogselected_verdant.gif.
    Generating creategraphic_verdant.jpg...
    creategraphic_verdant.jpg is generated successfully at C:\Demo\SiteDefinition1\Site Definition\_themes\Verdant\creategraphic_verdant.jpg.
    Generating templatepickerunselected_verdant.gif...
    templatepickerunselected_verdant.gif is generated successfully at C:\Demo\SiteDefinition1\Site Definition\_themes\Verdant\templatepickerunselected_verdant.gif.
    Generating viewselectorgrad_verdant.gif...
    viewselectorgrad_verdant.gif is generated successfully at C:\Demo\SiteDefinition1\Site Definition\_themes\Verdant\viewselectorgrad_verdant.gif.
    Generating wpqamh_verdant.gif...
    wpqamh_verdant.gif is generated successfully at C:\Demo\SiteDefinition1\Site Definition\_themes\Verdant\wpqamh_verdant.gif.
    Generating menubuttonhover_verdant.gif...
    menubuttonhover_verdant.gif is generated successfully at C:\Demo\SiteDefinition1\Site Definition\_themes\Verdant\menubuttonhover_verdant.gif.
    Generating calnumbttn_verdant.gif...
    calnumbttn_verdant.gif is generated successfully at C:\Demo\SiteDefinition1\Site Definition\_themes\Verdant\calnumbttn_verdant.gif.
    Generating pagetitlebkgd_verdant.gif...
    pagetitlebkgd_verdant.gif is generated successfully at C:\Demo\SiteDefinition1\Site Definition\_themes\Verdant\pagetitlebkgd_verdant.gif.
    Generating cnspgrdn_verdant.gif...
    cnspgrdn_verdant.gif is generated successfully at C:\Demo\SiteDefinition1\Site Definition\_themes\Verdant\cnspgrdn_verdant.gif.
All files are successfully generated from web http://kkdeveva01/sites/officedemo/test.
Generating schema file ...
    Updating Configuration element in schema...
    Completed.
    Updating Lists element in schema...
    Completed.
    Updating Modules element in schema...
    Completed.
Schema file is generated successfully at C:\Demo\SiteDefinition1\Site Definition\onet.xml.

*************************** Copy site properties ************************************

*************************** Update Site Definition **********************************

*************************** Copy base List Definitions ******************************

Generating List Definition of Announcements...
    Generating schema file ...
    Schema file is generated successfully at C:\Demo\SiteDefinition1\Announcements\schema.xml.
    Generating files of list Announcements ...
        Generating NewForm.aspx...
        NewForm.aspx is generated successfully at C:\Demo\SiteDefinition1\Announcements\NewForm.aspx.
        Generating EditForm.aspx...
        EditForm.aspx is generated successfully at C:\Demo\SiteDefinition1\Announcements\EditForm.aspx.
        Generating DispForm.aspx...
        DispForm.aspx is generated successfully at C:\Demo\SiteDefinition1\Announcements\DispForm.aspx.
        Generating AllItems.aspx...
        AllItems.aspx is generated successfully at C:\Demo\SiteDefinition1\Announcements\AllItems.aspx.
    All files of list Announcements are successfully generated.
    Updating summary view in schema...
    Updating other element in schema...
    Completed.
Successfully generated List Definition of Announcements.

Generating List Definition of Answers to Frequently Asked Questions...
    Generating schema file ...
    Schema file is generated successfully at C:\Demo\SiteDefinition1\Answers to Frequently Asked Questions\schema.xml.
    Generating files of list Answers to Frequently Asked Questions ...
        Generating Flat.aspx...
        Flat.aspx is generated successfully at C:\Demo\SiteDefinition1\Answers to Frequently Asked Questions\Flat.aspx.
        Generating NewForm.aspx...
        NewForm.aspx is generated successfully at C:\Demo\SiteDefinition1\Answers to Frequently Asked Questions\NewForm.aspx.
        Generating Threaded.aspx...
        Threaded.aspx is generated successfully at C:\Demo\SiteDefinition1\Answers to Frequently Asked Questions\Threaded.aspx.
        Generating AllItems.aspx...
        AllItems.aspx is generated successfully at C:\Demo\SiteDefinition1\Answers to Frequently Asked Questions\AllItems.aspx.
        Generating EditForm.aspx...
        EditForm.aspx is generated successfully at C:\Demo\SiteDefinition1\Answers to Frequently Asked Questions\EditForm.aspx.
        Generating DispForm.aspx...
        DispForm.aspx is generated successfully at C:\Demo\SiteDefinition1\Answers to Frequently Asked Questions\DispForm.aspx.
    All files of list Answers to Frequently Asked Questions are successfully generated.
    Updating summary view in schema...
    Completed.
    Updating other element in schema...
    Completed.
Successfully generated List Definition of Answers to Frequently Asked Questions.

Generating List Definition of Calendar...
    Generating schema file ...
    Schema file is generated successfully at C:\Demo\SiteDefinition1\Calendar\schema.xml.
    Generating files of list Calendar ...
        Generating NewForm.aspx...
        NewForm.aspx is generated successfully at C:\Demo\SiteDefinition1\Calendar\NewForm.aspx.
        Generating AllItems.aspx...
        AllItems.aspx is generated successfully at C:\Demo\SiteDefinition1\Calendar\AllItems.aspx.
        Generating calendar.aspx...
        calendar.aspx is generated successfully at C:\Demo\SiteDefinition1\Calendar\calendar.aspx.
        Generating MyItems.aspx...
        MyItems.aspx is generated successfully at C:\Demo\SiteDefinition1\Calendar\MyItems.aspx.
        Generating DispForm.aspx...
        DispForm.aspx is generated successfully at C:\Demo\SiteDefinition1\Calendar\DispForm.aspx.
        Generating EditForm.aspx...
        EditForm.aspx is generated successfully at C:\Demo\SiteDefinition1\Calendar\EditForm.aspx.
    All files of list Calendar are successfully generated.
    Updating summary view in schema...
    Completed.
    Updating other element in schema...
    Completed.
Successfully generated List Definition of Calendar.

Generating List Definition of Important Documents...
    Generating schema file ...
    Schema file is generated successfully at C:\Demo\SiteDefinition1\Important Documents\schema.xml.
    Generating files of list Important Documents ...
        Generating Upload.aspx...
        Upload.aspx is generated successfully at C:\Demo\SiteDefinition1\Important Documents\Upload.aspx.
        Generating WebFldr.aspx...
        WebFldr.aspx is generated successfully at C:\Demo\SiteDefinition1\Important Documents\WebFldr.aspx.
        Generating template.doc...
        template.doc is generated successfully at C:\Demo\SiteDefinition1\Important Documents\template.doc.
        Generating Combine.aspx...
        Combine.aspx is generated successfully at C:\Demo\SiteDefinition1\Important Documents\Combine.aspx.
        Generating repair.aspx...
        repair.aspx is generated successfully at C:\Demo\SiteDefinition1\Important Documents\repair.aspx.
        Generating DispForm.aspx...
        DispForm.aspx is generated successfully at C:\Demo\SiteDefinition1\Important Documents\DispForm.aspx.
        Generating AllItems.aspx...
        AllItems.aspx is generated successfully at C:\Demo\SiteDefinition1\Important Documents\AllItems.aspx.
        Generating EditForm.aspx...
        EditForm.aspx is generated successfully at C:\Demo\SiteDefinition1\Important Documents\EditForm.aspx.
    All files of list Important Documents are successfully generated.
    Updating summary view in schema...
    Updating other element in schema...
    Completed.
Successfully generated List Definition of Important Documents.

Generating List Definition of Links...
    Generating schema file ...
    Schema file is generated successfully at C:\Demo\SiteDefinition1\Links\schema.xml.
    Generating files of list Links ...
        Generating AllItems.aspx...
        AllItems.aspx is generated successfully at C:\Demo\SiteDefinition1\Links\AllItems.aspx.
        Generating NewForm.aspx...
        NewForm.aspx is generated successfully at C:\Demo\SiteDefinition1\Links\NewForm.aspx.
        Generating EditForm.aspx...
        EditForm.aspx is generated successfully at C:\Demo\SiteDefinition1\Links\EditForm.aspx.
        Generating DispForm.aspx...
        DispForm.aspx is generated successfully at C:\Demo\SiteDefinition1\Links\DispForm.aspx.
    All files of list Links are successfully generated.
    Updating summary view in schema...
    Updating other element in schema...
    Completed.
Successfully generated List Definition of Links.

Generating List Definition of Marketing Materials...
    Generating schema file ...
    Schema file is generated successfully at C:\Demo\SiteDefinition1\Marketing Materials\schema.xml.
    Generating files of list Marketing Materials ...
        Generating Upload.aspx...
        Upload.aspx is generated successfully at C:\Demo\SiteDefinition1\Marketing Materials\Upload.aspx.
        Generating DispForm.aspx...
        DispForm.aspx is generated successfully at C:\Demo\SiteDefinition1\Marketing Materials\DispForm.aspx.
        Generating repair.aspx...
        repair.aspx is generated successfully at C:\Demo\SiteDefinition1\Marketing Materials\repair.aspx.
        Generating WebFldr.aspx...
        WebFldr.aspx is generated successfully at C:\Demo\SiteDefinition1\Marketing Materials\WebFldr.aspx.
        Generating template.doc...
        template.doc is generated successfully at C:\Demo\SiteDefinition1\Marketing Materials\template.doc.
        Generating AllItems.aspx...
        AllItems.aspx is generated successfully at C:\Demo\SiteDefinition1\Marketing Materials\AllItems.aspx.
        Generating EditForm.aspx...
        EditForm.aspx is generated successfully at C:\Demo\SiteDefinition1\Marketing Materials\EditForm.aspx.
        Generating Combine.aspx...
        Combine.aspx is generated successfully at C:\Demo\SiteDefinition1\Marketing Materials\Combine.aspx.
    All files of list Marketing Materials are successfully generated.
    Updating summary view in schema...
    Completed.
    Updating other element in schema...
    Completed.
Successfully generated List Definition of Marketing Materials.

Generating List Definition of Price List...
    Generating schema file ...
    Schema file is generated successfully at C:\Demo\SiteDefinition1\Price List\schema.xml.
    Generating files of list Price List ...
        Generating DispForm.aspx...
        DispForm.aspx is generated successfully at C:\Demo\SiteDefinition1\Price List\DispForm.aspx.
        Generating NewForm.aspx...
        NewForm.aspx is generated successfully at C:\Demo\SiteDefinition1\Price List\NewForm.aspx.
        Generating AllItems.aspx...
        AllItems.aspx is generated successfully at C:\Demo\SiteDefinition1\Price List\AllItems.aspx.
        Generating EditForm.aspx...
        EditForm.aspx is generated successfully at C:\Demo\SiteDefinition1\Price List\EditForm.aspx.
    All files of list Price List are successfully generated.
    Updating summary view in schema...
    Completed.
    Updating other element in schema...
    Completed.
Successfully generated List Definition of Price List.

Generating List Definition of Products...
    Generating schema file ...
    Schema file is generated successfully at C:\Demo\SiteDefinition1\Products\schema.xml.
    Generating files of list Products ...
        Generating AllItems.aspx...
        AllItems.aspx is generated successfully at C:\Demo\SiteDefinition1\Products\AllItems.aspx.
        Generating Slidshow.aspx...
        Slidshow.aspx is generated successfully at C:\Demo\SiteDefinition1\Products\Slidshow.aspx.
        Generating Selected.aspx...
        Selected.aspx is generated successfully at C:\Demo\SiteDefinition1\Products\Selected.aspx.
        Generating DispForm.aspx...
        DispForm.aspx is generated successfully at C:\Demo\SiteDefinition1\Products\DispForm.aspx.
        Generating EditForm.aspx...
        EditForm.aspx is generated successfully at C:\Demo\SiteDefinition1\Products\EditForm.aspx.
        Generating Upload.aspx...
        Upload.aspx is generated successfully at C:\Demo\SiteDefinition1\Products\Upload.aspx.
        Generating WebFldr.aspx...
        WebFldr.aspx is generated successfully at C:\Demo\SiteDefinition1\Products\WebFldr.aspx.
    All files of list Products are successfully generated.
    Updating summary view in schema...
    Completed.
    Updating other element in schema...
    Completed.
Successfully generated List Definition of Products.

Generating List Definition of Proposals...
    Generating schema file ...
    Schema file is generated successfully at C:\Demo\SiteDefinition1\Proposals\schema.xml.
    Generating files of list Proposals ...
        Generating WebFldr.aspx...
        WebFldr.aspx is generated successfully at C:\Demo\SiteDefinition1\Proposals\WebFldr.aspx.
        Generating AllItems.aspx...
        AllItems.aspx is generated successfully at C:\Demo\SiteDefinition1\Proposals\AllItems.aspx.
        Generating EditForm.aspx...
        EditForm.aspx is generated successfully at C:\Demo\SiteDefinition1\Proposals\EditForm.aspx.
        Generating Upload.aspx...
        Upload.aspx is generated successfully at C:\Demo\SiteDefinition1\Proposals\Upload.aspx.
        Generating repair.aspx...
        repair.aspx is generated successfully at C:\Demo\SiteDefinition1\Proposals\repair.aspx.
        Generating Combine.aspx...
        Combine.aspx is generated successfully at C:\Demo\SiteDefinition1\Proposals\Combine.aspx.
        Generating DispForm.aspx...
        DispForm.aspx is generated successfully at C:\Demo\SiteDefinition1\Proposals\DispForm.aspx.
        Generating template.doc...
        template.doc is generated successfully at C:\Demo\SiteDefinition1\Proposals\template.doc.
    All files of list Proposals are successfully generated.
    Updating summary view in schema...
    Completed.
    Updating other element in schema...
    Completed.
Successfully generated List Definition of Proposals.

Generating List Definition of Tasks...
    Generating schema file ...
    Schema file is generated successfully at C:\Demo\SiteDefinition1\Tasks\schema.xml.
    Generating files of list Tasks ...
        Generating MyGrTsks.aspx...
        MyGrTsks.aspx is generated successfully at C:\Demo\SiteDefinition1\Tasks\MyGrTsks.aspx.
        Generating byowner.aspx...
        byowner.aspx is generated successfully at C:\Demo\SiteDefinition1\Tasks\byowner.aspx.
        Generating MyItems.aspx...
        MyItems.aspx is generated successfully at C:\Demo\SiteDefinition1\Tasks\MyItems.aspx.
        Generating duetoday.aspx...
        duetoday.aspx is generated successfully at C:\Demo\SiteDefinition1\Tasks\duetoday.aspx.
        Generating AllItems.aspx...
        AllItems.aspx is generated successfully at C:\Demo\SiteDefinition1\Tasks\AllItems.aspx.
        Generating EditForm.aspx...
        EditForm.aspx is generated successfully at C:\Demo\SiteDefinition1\Tasks\EditForm.aspx.
        Generating DispForm.aspx...
        DispForm.aspx is generated successfully at C:\Demo\SiteDefinition1\Tasks\DispForm.aspx.
        Generating active.aspx...
        active.aspx is generated successfully at C:\Demo\SiteDefinition1\Tasks\active.aspx.
        Generating NewForm.aspx...
        NewForm.aspx is generated successfully at C:\Demo\SiteDefinition1\Tasks\NewForm.aspx.
    All files of list Tasks are successfully generated.
    Updating summary view in schema...
    Updating other element in schema...
    Completed.
Successfully generated List Definition of Tasks.

*************************** Update List Definitions *********************************

*************************** Generate provisioning code ******************************

*************************** Create Visual Studio Project file ***********************

*************************** Cleaning up *********************************************
